-------------------------------------------------------------------------------
Test set: runner.Runner
-------------------------------------------------------------------------------
Tests run: 3, Failures: 1, Errors: 0, Skipped: 0, Time elapsed: 110.992 sec <<< FAILURE!
Verify Homepage Banner should be 3-5(Automation for Mcd)  Time elapsed: 35.309 sec  <<< FAILURE!
java.lang.AssertionError: Jumlah Banner Home Tidak Sesuai
	at org.junit.Assert.fail(Assert.java:89)
	at org.junit.Assert.assertTrue(Assert.java:42)
	at stepDefinitions.Glue.user_verifies_banner_count_in_homepage(Glue.java:23)
	at âœ½.User verifies banner count in homepage(file:///Users/ahmadfarhanh/eclipse-workspace/testingBDD/src/test/features/McDBanner&CardValidation.feature:7)

