<?xml version="1.0" encoding="UTF-8" ?>
<testsuite tests="3" failures="1" name="runner.Runner" time="110.062" errors="0" skipped="0">
  <properties>
[...]
</properties>
  <testcase classname="Automation for Mcd" name="Verify Homepage Banner should be 3-5" time="35.309">
    <failure message="Jumlah Banner Home Tidak Sesuai" type="java.lang.AssertionError">java.lang.AssertionError: Jumlah Banner Home Tidak Sesuai
	at org.junit.Assert.fail(Assert.java:89)
	at org.junit.Assert.assertTrue(Assert.java:42)
	at stepDefinitions.Glue.user_verifies_banner_count_in_homepage(Glue.java:23)
	at ✽.User verifies banner count in homepage(file:///Users/ahmadfarhanh/eclipse-workspace/testingBDD/src/test/features/McDBanner&amp;CardValidation.feature:7)
</failure>
    <system-out>
Scenario Name: Verify Homepage Banner should be 3-5
========================================
Jumlah Banner Home Yand Ditampilkan: 1
Banner:1
</system-out>
    <system-err>Aug 07, 2024 10:59:44 AM org.openqa.selenium.devtools.CdpVersionFinder findNearestMatch
WARNING: Unable to find CDP implementation matching 127
Aug 07, 2024 10:59:44 AM org.openqa.selenium.chromium.ChromiumDriver lambda$new$5
WARNING: Unable to find version of CDP to use for 127.0.6533.90. You may need to include a dependency on a specific version of the CDP using something similar to `org.seleniumhq.selenium:selenium-devtools-v86:4.16.1` where the version (&quot;v86&quot;) matches the version of the chromium-based browser you&apos;re using and the version number of the artifact is the same as Selenium&apos;s.
</system-err>
  </testcase>
  <testcase classname="Automation for Mcd" name="Verify Card Promo should be 3" time="33.823"/>
  <testcase classname="Automation for Mcd" name="Verify PromoPage Banner should be 5" time="40.93"/>
</testsuite>